make --dry-run --always-make --keep-going --print-directory
make: Entering directory `/Users/adaifi/Desktop/push1/Minishell'
mkdir obj
 
gcc -c -Wall -Wextra -Werror  -I /goinfre/adaifi/homebrew/opt/readline/include -c src/mini.c -o obj/mini.o
 
gcc -c -Wall -Wextra -Werror  -I /goinfre/adaifi/homebrew/opt/readline/include -c src/ft_header.c -o obj/ft_header.o
 
gcc -c -Wall -Wextra -Werror  -I /goinfre/adaifi/homebrew/opt/readline/include -c src/ft_lexer.c -o obj/ft_lexer.o
 
gcc -c -Wall -Wextra -Werror  -I /goinfre/adaifi/homebrew/opt/readline/include -c src/ft_lst_lexer.c -o obj/ft_lst_lexer.o
 
gcc -c -Wall -Wextra -Werror  -I /goinfre/adaifi/homebrew/opt/readline/include -c src/ft_lst_env.c -o obj/ft_lst_env.o
gcc -c -Wall -Wextra -Werror  -I /goinfre/adaifi/homebrew/opt/readline/include -c src/ft_parser.c -o obj/ft_parser.o
gcc -c -Wall -Wextra -Werror  -I /goinfre/adaifi/homebrew/opt/readline/include -c src/ft_environment.c -o obj/ft_environment.o
 
gcc -c -Wall -Wextra -Werror  -I /goinfre/adaifi/homebrew/opt/readline/include -c src/ft_expand.c -o obj/ft_expand.o
 
gcc -c -Wall -Wextra -Werror  -I /goinfre/adaifi/homebrew/opt/readline/include -c src/path.c -o obj/path.o
 
gcc -c -Wall -Wextra -Werror  -I /goinfre/adaifi/homebrew/opt/readline/include -c src/utils.c -o obj/utils.o
 
gcc -c -Wall -Wextra -Werror  -I /goinfre/adaifi/homebrew/opt/readline/include -c src/cd.c -o obj/cd.o
 
gcc -c -Wall -Wextra -Werror  -I /goinfre/adaifi/homebrew/opt/readline/include -c src/echo.c -o obj/echo.o
 
gcc -c -Wall -Wextra -Werror  -I /goinfre/adaifi/homebrew/opt/readline/include -c src/export.c -o obj/export.o
gcc -c -Wall -Wextra -Werror  -I /goinfre/adaifi/homebrew/opt/readline/include -c src/unset.c -o obj/unset.o
 
gcc -c -Wall -Wextra -Werror  -I /goinfre/adaifi/homebrew/opt/readline/include -c src/pwd.c -o obj/pwd.o
 
gcc -c -Wall -Wextra -Werror  -I /goinfre/adaifi/homebrew/opt/readline/include -c src/cmd_handler.c -o obj/cmd_handler.o
 
gcc -c -Wall -Wextra -Werror  -I /goinfre/adaifi/homebrew/opt/readline/include -c src/env.c -o obj/env.o
 
gcc -c -Wall -Wextra -Werror  -I /goinfre/adaifi/homebrew/opt/readline/include -c src/pipe.c -o obj/pipe.o
 
gcc -c -Wall -Wextra -Werror  -I /goinfre/adaifi/homebrew/opt/readline/include -c src/her_doc.c -o obj/her_doc.o
 
gcc -c -Wall -Wextra -Werror  -I /goinfre/adaifi/homebrew/opt/readline/include -c src/gnl.c -o obj/gnl.o
 
make -C libft
 
gcc ./obj/mini.o ./obj/ft_header.o ./obj/ft_lexer.o ./obj/ft_lst_lexer.o ./obj/ft_lst_env.o ./obj/ft_parser.o ./obj/ft_environment.o ./obj/ft_expand.o ./obj/path.o ./obj/utils.o ./obj/cd.o ./obj/echo.o ./obj/export.o ./obj/unset.o ./obj/pwd.o ./obj/cmd_handler.o ./obj/env.o ./obj/pipe.o ./obj/her_doc.o ./obj/gnl.o -fsanitize=undefined libft/libft.a -L /goinfre/adaifi/homebrew/opt/readline/lib -lreadline -o minishell
echo "minishell ok"
 
make: Leaving directory `/Users/adaifi/Desktop/push1/Minishell'
 
