make all --print-data-base --no-builtin-variables --no-builtin-rules --question
# GNU Make 3.81
# Copyright (C) 2006  Free Software Foundation, Inc.
# This is free software; see the source for copying conditions.
# There is NO warranty; not even for MERCHANTABILITY or FITNESS FOR A
# PARTICULAR PURPOSE.

# This program built for i386-apple-darwin11.3.0
 

# Make data base, printed on Sat Aug 13 21:20:05 2022

# Variables

# automatic
<D = $(patsubst %/,%,$(dir $<))
# automatic
?F = $(notdir $?)
# environment
VSCODE_LOG_NATIVE = false
# automatic
?D = $(patsubst %/,%,$(dir $?))
# automatic
@D = $(patsubst %/,%,$(dir $@))
# automatic
@F = $(notdir $@)
# makefile
CURDIR := /Users/adaifi/Desktop/push1/Minishell
# makefile
SHELL = /bin/sh
# environment
VSCODE_NLS_CONFIG = {"locale":"en-us","availableLanguages":{},"_languagePackSupport":true}
# environment
_ = /usr/bin/make
# makefile (from `Makefile', line 5)
CFLAGS = -Wall -Wextra -Werror 
# makefile (from `Makefile', line 1)
MAKEFILE_LIST :=  Makefile
# makefile (from `Makefile', line 13)
OBJ_DIR = ./obj
# environment
VSCODE_VERBOSE_LOGGING = true
# makefile (from `Makefile', line 7)
CFILES = mini.c ft_header.c ft_lexer.c ft_lst_lexer.c ft_lst_env.c ft_parser.c ft_environment.c ft_expand.c path.c utils.c cd.c echo.c export.c unset.c pwd.c cmd_handler.c env.c pipe.c her_doc.c gnl.c 
# environment
VSCODE_IPC_HOOK_EXTHOST = /var/folders/zz/zyxvpxvq6csfxvn_n000cc8w003327/T/vscode-ipc-a365d6ec-8568-4af1-b68a-554a4d0f77d7.sock
# environment
VSCODE_CWD = /
# environment
Apple_PubSub_Socket_Render = /private/tmp/com.apple.launchd.6y8owwl3xa/Render
# environment
PATH = /Users/adaifi/goinfre/homebrew/bin:/Users/adaifi/goinfre/.brew/bin:/usr/local/bin:/usr/bin:/bin:/usr/sbin:/sbin:/usr/local/munki:/Users/adaifi/goinfre/.brew/bin
# environment
LSCOLORS = Gxfxcxdxbxegedabagacad
# environment
VSCODE_LOG_STACK = false
# environment
ELECTRON_RUN_AS_NODE = 1
# default
.FEATURES := target-specific order-only second-expansion else-if archives jobserver check-symlink
# environment
SSH_AUTH_SOCK = /private/tmp/com.apple.launchd.Iz2T4mayua/Listeners
# automatic
%F = $(notdir $%)
# environment
VSCODE_PIPE_LOGGING = true
# environment
PWD = /Users/adaifi/Desktop/push1/Minishell
# environment
ORIGINAL_XDG_CURRENT_DESKTOP = undefined
# environment
VSCODE_AMD_ENTRYPOINT = vs/workbench/api/node/extensionHostProcess
# environment
HOME = /Users/adaifi
# default
MAKEFILEPATH = $(shell /usr/bin/xcode-select -print-path 2>/dev/null || echo /Developer)/Makefiles
# environment
VSCODE_CODE_CACHE_PATH = /Users/adaifi/Library/Application Support/Code/CachedData/57fd6d0195bb9b9d1b49f6da5db789060795de47
# environment
LOGNAME = adaifi
# environment
APPLICATION_INSIGHTS_NO_DIAGNOSTIC_CHANNEL = 1
# environment
ZSH = /Users/adaifi/.oh-my-zsh
# environment
VSCODE_HANDLES_UNCAUGHT_ERRORS = true
# automatic
^D = $(patsubst %/,%,$(dir $^))
# environment
XPC_FLAGS = 0x0
# default
MAKE = $(MAKE_COMMAND)
# default
MAKECMDGOALS := all
# makefile (from `Makefile', line 19)
G_N_T = 
# environment
SHLVL = 1
# makefile (from `Makefile', line 17)
LIBFT = libft/libft.a
# makefile (from `Makefile', line 3)
CC = gcc
# default
MAKE_VERSION := 3.81
# environment
USER = adaifi
# makefile
.DEFAULT_GOAL := all
# makefile (from `Makefile', line 1)
NAME = minishell
# environment
LESS = -R
# automatic
%D = $(patsubst %/,%,$(dir $%))
# default
MAKE_COMMAND := /Library/Developer/CommandLineTools/usr/bin/make
# makefile (from `Makefile', line 21)
INC = mini.h
# default
.VARIABLES := 
# environment
TMPDIR = /var/folders/zz/zyxvpxvq6csfxvn_n000cc8w003327/T/
# automatic
*F = $(notdir $*)
# environment
VSCODE_IPC_HOOK = /Users/adaifi/Library/Application Support/Code/1.67.0-main.sock
# makefile
MAKEFLAGS = Rrqp
# environment
MFLAGS = -Rrqp
# automatic
*D = $(patsubst %/,%,$(dir $*))
# environment
XPC_SERVICE_NAME = com.microsoft.VSCode.1232
# automatic
+D = $(patsubst %/,%,$(dir $+))
# automatic
+F = $(notdir $+)
# environment
__CF_USER_TEXT_ENCODING = 0x18C47:0x0:0x0
# default
MAKEFILES := 
# environment
HOMEBREW_NO_AUTO_UPDATE = 1
# makefile (from `Makefile', line 15)
SRC_DIR = ./src
# automatic
<F = $(notdir $<)
# environment
PAGER = less
# environment
LC_ALL = C
# automatic
^F = $(notdir $^)
# default
SUFFIXES := 
# default
.INCLUDE_DIRS = /usr/local/include
# makefile (from `Makefile', line 11)
OFILES = $(addprefix $(OBJ_DIR)/,$(CFILES:.c=.o))
# environment
MAKELEVEL := 0
# environment
LANG = C
# environment
VSCODE_PID = 16645
# variable set hash-table stats:
# Load=76/1024=7%, Rehash=0, Collisions=1/115=1%

# Pattern-specific Variable Values

# No pattern-specific variable values.

# Directories

# . (device 16777227, inode 892707): 11 files, no impossibilities.

# 11 files, no impossibilities in 1 directories.

# Implicit Rules

# No implicit rules.

# Files

obj/unset.o: src/unset.c mini.h
#  Implicit rule search has not been done.
#  Implicit/static pattern stem: `unset'
#  Last modified 2022-08-13 20:08:43
#  File has been updated.
#  Successfully updated.
# variable set hash-table stats:
# Load=0/32=0%, Rehash=0, Collisions=0/0=0%
#  commands to execute (from `Makefile', line 33):
	@$(CC) -c $(CFLAGS) -I $(shell brew --prefix readline)/include -c $< -o $@
	

obj/mini.o: src/mini.c mini.h
#  Implicit rule search has not been done.
#  Implicit/static pattern stem: `mini'
#  Last modified 2022-08-13 20:08:43
#  File has been updated.
#  Successfully updated.
# variable set hash-table stats:
# Load=0/32=0%, Rehash=0, Collisions=0/0=0%
#  commands to execute (from `Makefile', line 33):
	@$(CC) -c $(CFLAGS) -I $(shell brew --prefix readline)/include -c $< -o $@
	

obj/cmd_handler.o: src/cmd_handler.c mini.h
#  Implicit rule search has not been done.
#  Implicit/static pattern stem: `cmd_handler'
#  Last modified 2022-08-13 20:08:44
#  File has been updated.
#  Successfully updated.
# variable set hash-table stats:
# Load=0/32=0%, Rehash=0, Collisions=0/0=0%
#  commands to execute (from `Makefile', line 33):
	@$(CC) -c $(CFLAGS) -I $(shell brew --prefix readline)/include -c $< -o $@
	

# Not a target:
src/ft_lexer.c:
#  Implicit rule search has been done.
#  Last modified 2022-08-09 13:52:37
#  File has been updated.
#  Successfully updated.
# variable set hash-table stats:
# Load=0/32=0%, Rehash=0, Collisions=0/0=0%

# Not a target:
mini.h:
#  Implicit rule search has been done.
#  Last modified 2022-08-13 20:07:57
#  File has been updated.
#  Successfully updated.
# variable set hash-table stats:
# Load=0/32=0%, Rehash=0, Collisions=0/0=0%

all: minishell
#  Command-line target.
#  Implicit rule search has been done.
#  File does not exist.
#  File has been updated.
#  Successfully updated.
# variable set hash-table stats:
# Load=0/32=0%, Rehash=0, Collisions=0/0=0%

# Not a target:
src/env.c:
#  Implicit rule search has been done.
#  Last modified 2022-08-10 18:40:36
#  File has been updated.
#  Successfully updated.
# variable set hash-table stats:
# Load=0/32=0%, Rehash=0, Collisions=0/0=0%

obj/pipe.o: src/pipe.c mini.h
#  Implicit rule search has not been done.
#  Implicit/static pattern stem: `pipe'
#  Last modified 2022-08-13 21:16:04
#  File has been updated.
#  Successfully updated.
# variable set hash-table stats:
# Load=0/32=0%, Rehash=0, Collisions=0/0=0%
#  commands to execute (from `Makefile', line 33):
	@$(CC) -c $(CFLAGS) -I $(shell brew --prefix readline)/include -c $< -o $@
	

# Not a target:
.SUFFIXES:
#  Implicit rule search has not been done.
#  Modification time never checked.
#  File has not been updated.

# Not a target:
Makefile:
#  Implicit rule search has been done.
#  Last modified 2022-08-13 20:06:47
#  File has been updated.
#  Successfully updated.
# variable set hash-table stats:
# Load=0/32=0%, Rehash=0, Collisions=0/0=0%

obj/her_doc.o: src/her_doc.c mini.h
#  Implicit rule search has not been done.
#  Implicit/static pattern stem: `her_doc'
#  Last modified 2022-08-13 21:00:17
#  File has been updated.
#  Successfully updated.
# variable set hash-table stats:
# Load=0/32=0%, Rehash=0, Collisions=0/0=0%
#  commands to execute (from `Makefile', line 33):
	@$(CC) -c $(CFLAGS) -I $(shell brew --prefix readline)/include -c $< -o $@
	

# Not a target:
src/unset.c:
#  Implicit rule search has been done.
#  Last modified 2022-08-10 14:14:16
#  File has been updated.
#  Successfully updated.
# variable set hash-table stats:
# Load=0/32=0%, Rehash=0, Collisions=0/0=0%

obj/ft_header.o: src/ft_header.c mini.h
#  Implicit rule search has not been done.
 
#  Implicit/static pattern stem: `ft_header'
#  Last modified 2022-08-13 20:08:43
#  File has been updated.
#  Successfully updated.
# variable set hash-table stats:
# Load=0/32=0%, Rehash=0, Collisions=0/0=0%
#  commands to execute (from `Makefile', line 33):
	@$(CC) -c $(CFLAGS) -I $(shell brew --prefix readline)/include -c $< -o $@
	

# Not a target:
src/cmd_handler.c:
#  Implicit rule search has been done.
#  Last modified 2022-08-13 15:51:20
#  File has been updated.
#  Successfully updated.
# variable set hash-table stats:
# Load=0/32=0%, Rehash=0, Collisions=0/0=0%

obj/path.o: src/path.c mini.h
#  Implicit rule search has not been done.
#  Implicit/static pattern stem: `path'
#  Last modified 2022-08-13 20:08:43
#  File has been updated.
#  Successfully updated.
# variable set hash-table stats:
# Load=0/32=0%, Rehash=0, Collisions=0/0=0%
#  commands to execute (from `Makefile', line 33):
	@$(CC) -c $(CFLAGS) -I $(shell brew --prefix readline)/include -c $< -o $@
	

obj/ft_expand.o: src/ft_expand.c mini.h
#  Implicit rule search has not been done.
#  Implicit/static pattern stem: `ft_expand'
#  Last modified 2022-08-13 20:08:43
#  File has been updated.
#  Successfully updated.
# variable set hash-table stats:
# Load=0/32=0%, Rehash=0, Collisions=0/0=0%
#  commands to execute (from `Makefile', line 33):
	@$(CC) -c $(CFLAGS) -I $(shell brew --prefix readline)/include -c $< -o $@
	

obj/gnl.o: src/gnl.c mini.h
#  Implicit rule search has not been done.
#  Implicit/static pattern stem: `gnl'
#  Last modified 2022-08-13 20:09:40
#  File has been updated.
#  Successfully updated.
# variable set hash-table stats:
# Load=0/32=0%, Rehash=0, Collisions=0/0=0%
#  commands to execute (from `Makefile', line 33):
	@$(CC) -c $(CFLAGS) -I $(shell brew --prefix readline)/include -c $< -o $@
	

minishell: obj obj/mini.o obj/ft_header.o obj/ft_lexer.o obj/ft_lst_lexer.o obj/ft_lst_env.o obj/ft_parser.o obj/ft_environment.o obj/ft_expand.o obj/path.o obj/utils.o obj/cd.o obj/echo.o obj/export.o obj/unset.o obj/pwd.o obj/cmd_handler.o obj/env.o obj/pipe.o obj/her_doc.o obj/gnl.o libft/libft.a
#  Implicit rule search has not been done.
#  Last modified 2022-08-13 21:16:04
#  File has been updated.
#  Successfully updated.
# variable set hash-table stats:
# Load=0/32=0%, Rehash=0, Collisions=0/0=0%
#  commands to execute (from `Makefile', line 26):
	@$(CC) $(OFILES) -fsanitize=undefined $(LIBFT) -L $(shell brew --prefix readline)/lib -lreadline -o $(NAME)
	@echo "minishell ok"
	

libft/libft.a:
#  Implicit rule search has not been done.
#  Last modified 2022-08-13 18:47:02
#  File has been updated.
#  Successfully updated.
#  commands to execute (from `Makefile', line 36):
	make -C libft
	

# Not a target:
src/pipe.c:
#  Implicit rule search has been done.
#  Last modified 2022-08-13 21:16:02
#  File has been updated.
#  Successfully updated.
# variable set hash-table stats:
# Load=0/32=0%, Rehash=0, Collisions=0/0=0%

obj/pwd.o: src/pwd.c mini.h
#  Implicit rule search has not been done.
#  Implicit/static pattern stem: `pwd'
#  Last modified 2022-08-13 20:08:43
#  File has been updated.
#  Successfully updated.
# variable set hash-table stats:
# Load=0/32=0%, Rehash=0, Collisions=0/0=0%
#  commands to execute (from `Makefile', line 33):
	@$(CC) -c $(CFLAGS) -I $(shell brew --prefix readline)/include -c $< -o $@
	

obj/ft_environment.o: src/ft_environment.c mini.h
#  Implicit rule search has not been done.
#  Implicit/static pattern stem: `ft_environment'
#  Last modified 2022-08-13 20:08:43
#  File has been updated.
#  Successfully updated.
# variable set hash-table stats:
# Load=0/32=0%, Rehash=0, Collisions=0/0=0%
#  commands to execute (from `Makefile', line 33):
	@$(CC) -c $(CFLAGS) -I $(shell brew --prefix readline)/include -c $< -o $@
	

obj/cd.o: src/cd.c mini.h
#  Implicit rule search has not been done.
#  Implicit/static pattern stem: `cd'
#  Last modified 2022-08-13 20:08:43
#  File has been updated.
#  Successfully updated.
# variable set hash-table stats:
# Load=0/32=0%, Rehash=0, Collisions=0/0=0%
#  commands to execute (from `Makefile', line 33):
	@$(CC) -c $(CFLAGS) -I $(shell brew --prefix readline)/include -c $< -o $@
	

fclean: clean
#  Implicit rule search has not been done.
#  Modification time never checked.
#  File has not been updated.
#  commands to execute (from `Makefile', line 42):
	@rm -rf $(NAME)
	@make fclean -C libft
	

obj/ft_lst_lexer.o: src/ft_lst_lexer.c mini.h
#  Implicit rule search has not been done.
#  Implicit/static pattern stem: `ft_lst_lexer'
#  Last modified 2022-08-13 20:08:43
#  File has been updated.
#  Successfully updated.
# variable set hash-table stats:
# Load=0/32=0%, Rehash=0, Collisions=0/0=0%
#  commands to execute (from `Makefile', line 33):
	@$(CC) -c $(CFLAGS) -I $(shell brew --prefix readline)/include -c $< -o $@
	

# Not a target:
src/mini.c:
#  Implicit rule search has been done.
#  Last modified 2022-08-11 13:51:23
#  File has been updated.
#  Successfully updated.
# variable set hash-table stats:
# Load=0/32=0%, Rehash=0, Collisions=0/0=0%

obj:
#  Implicit rule search has not been done.
#  Last modified 2022-08-13 21:16:04
#  File has been updated.
#  Successfully updated.
#  commands to execute (from `Makefile', line 30):
	@mkdir obj
	

# Not a target:
src/her_doc.c:
#  Implicit rule search has been done.
#  Last modified 2022-08-13 21:00:16
#  File has been updated.
#  Successfully updated.
# variable set hash-table stats:
# Load=0/32=0%, Rehash=0, Collisions=0/0=0%

obj/echo.o: src/echo.c mini.h
#  Implicit rule search has not been done.
#  Implicit/static pattern stem: `echo'
#  Last modified 2022-08-13 20:08:43
#  File has been updated.
#  Successfully updated.
# variable set hash-table stats:
# Load=0/32=0%, Rehash=0, Collisions=0/0=0%
#  commands to execute (from `Makefile', line 33):
	@$(CC) -c $(CFLAGS) -I $(shell brew --prefix readline)/include -c $< -o $@
	

obj/ft_lst_env.o: src/ft_lst_env.c mini.h
#  Implicit rule search has not been done.
#  Implicit/static pattern stem: `ft_lst_env'
#  Last modified 2022-08-13 20:08:43
#  File has been updated.
#  Successfully updated.
# variable set hash-table stats:
# Load=0/32=0%, Rehash=0, Collisions=0/0=0%
#  commands to execute (from `Makefile', line 33):
	@$(CC) -c $(CFLAGS) -I $(shell brew --prefix readline)/include -c $< -o $@
	

# Not a target:
src/ft_header.c:
#  Implicit rule search has been done.
#  Last modified 2022-08-09 13:52:37
#  File has been updated.
#  Successfully updated.
# variable set hash-table stats:
# Load=0/32=0%, Rehash=0, Collisions=0/0=0%

# Not a target:
src/path.c:
#  Implicit rule search has been done.
#  Last modified 2022-08-12 20:40:18
#  File has been updated.
#  Successfully updated.
# variable set hash-table stats:
# Load=0/32=0%, Rehash=0, Collisions=0/0=0%

obj/export.o: src/export.c mini.h
#  Implicit rule search has not been done.
#  Implicit/static pattern stem: `export'
#  Last modified 2022-08-13 20:08:43
#  File has been updated.
#  Successfully updated.
# variable set hash-table stats:
# Load=0/32=0%, Rehash=0, Collisions=0/0=0%
#  commands to execute (from `Makefile', line 33):
	@$(CC) -c $(CFLAGS) -I $(shell brew --prefix readline)/include -c $< -o $@
	

# Not a target:
.DEFAULT:
#  Implicit rule search has not been done.
#  Modification time never checked.
#  File has not been updated.

# Not a target:
src/ft_expand.c:
#  Implicit rule search has been done.
#  Last modified 2022-08-09 14:20:12
#  File has been updated.
#  Successfully updated.
# variable set hash-table stats:
# Load=0/32=0%, Rehash=0, Collisions=0/0=0%

obj/ft_parser.o: src/ft_parser.c mini.h
#  Implicit rule search has not been done.
#  Implicit/static pattern stem: `ft_parser'
#  Last modified 2022-08-13 20:08:43
#  File has been updated.
#  Successfully updated.
# variable set hash-table stats:
# Load=0/32=0%, Rehash=0, Collisions=0/0=0%
#  commands to execute (from `Makefile', line 33):
	@$(CC) -c $(CFLAGS) -I $(shell brew --prefix readline)/include -c $< -o $@
	

re: fclean all
#  Implicit rule search has not been done.
#  Modification time never checked.
#  File has not been updated.

# Not a target:
src/gnl.c:
 
#  Implicit rule search has been done.
#  Last modified 2022-08-13 20:09:38
#  File has been updated.
#  Successfully updated.
# variable set hash-table stats:
# Load=0/32=0%, Rehash=0, Collisions=0/0=0%

clean:
#  Implicit rule search has not been done.
#  Modification time never checked.
#  File has not been updated.
#  commands to execute (from `Makefile', line 39):
	@rm -rf $(OBJ_DIR)
	@make clean -C libft
	

obj/utils.o: src/utils.c mini.h
#  Implicit rule search has not been done.
#  Implicit/static pattern stem: `utils'
#  Last modified 2022-08-13 20:08:43
#  File has been updated.
#  Successfully updated.
# variable set hash-table stats:
# Load=0/32=0%, Rehash=0, Collisions=0/0=0%
#  commands to execute (from `Makefile', line 33):
	@$(CC) -c $(CFLAGS) -I $(shell brew --prefix readline)/include -c $< -o $@
	

# Not a target:
src/pwd.c:
#  Implicit rule search has been done.
#  Last modified 2022-08-09 16:30:11
#  File has been updated.
#  Successfully updated.
# variable set hash-table stats:
# Load=0/32=0%, Rehash=0, Collisions=0/0=0%

# Not a target:
src/ft_environment.c:
#  Implicit rule search has been done.
#  Last modified 2022-08-09 13:52:37
#  File has been updated.
#  Successfully updated.
# variable set hash-table stats:
# Load=0/32=0%, Rehash=0, Collisions=0/0=0%

# Not a target:
src/cd.c:
#  Implicit rule search has been done.
#  Last modified 2022-08-09 17:19:39
#  File has been updated.
#  Successfully updated.
# variable set hash-table stats:
# Load=0/32=0%, Rehash=0, Collisions=0/0=0%

# Not a target:
src/ft_lst_lexer.c:
#  Implicit rule search has been done.
#  Last modified 2022-08-09 13:52:37
#  File has been updated.
#  Successfully updated.
# variable set hash-table stats:
# Load=0/32=0%, Rehash=0, Collisions=0/0=0%

# Not a target:
src/echo.c:
#  Implicit rule search has been done.
#  Last modified 2022-08-11 13:46:43
#  File has been updated.
#  Successfully updated.
# variable set hash-table stats:
# Load=0/32=0%, Rehash=0, Collisions=0/0=0%

# Not a target:
src/ft_lst_env.c:
#  Implicit rule search has been done.
#  Last modified 2022-08-09 14:19:40
#  File has been updated.
#  Successfully updated.
# variable set hash-table stats:
# Load=0/32=0%, Rehash=0, Collisions=0/0=0%

obj/ft_lexer.o: src/ft_lexer.c mini.h
#  Implicit rule search has not been done.
#  Implicit/static pattern stem: `ft_lexer'
#  Last modified 2022-08-13 20:08:43
#  File has been updated.
#  Successfully updated.
# variable set hash-table stats:
# Load=0/32=0%, Rehash=0, Collisions=0/0=0%
#  commands to execute (from `Makefile', line 33):
	@$(CC) -c $(CFLAGS) -I $(shell brew --prefix readline)/include -c $< -o $@
	

# Not a target:
src/export.c:
#  Implicit rule search has been done.
#  Last modified 2022-08-12 17:17:22
#  File has been updated.
#  Successfully updated.
# variable set hash-table stats:
# Load=0/32=0%, Rehash=0, Collisions=0/0=0%

obj/env.o: src/env.c mini.h
#  Implicit rule search has not been done.
#  Implicit/static pattern stem: `env'
#  Last modified 2022-08-13 20:08:44
#  File has been updated.
#  Successfully updated.
# variable set hash-table stats:
# Load=0/32=0%, Rehash=0, Collisions=0/0=0%
#  commands to execute (from `Makefile', line 33):
	@$(CC) -c $(CFLAGS) -I $(shell brew --prefix readline)/include -c $< -o $@
	

# Not a target:
src/ft_parser.c:
#  Implicit rule search has been done.
#  Last modified 2022-08-11 13:45:15
#  File has been updated.
#  Successfully updated.
# variable set hash-table stats:
# Load=0/32=0%, Rehash=0, Collisions=0/0=0%

# Not a target:
src/utils.c:
#  Implicit rule search has been done.
#  Last modified 2022-08-11 14:53:11
#  File has been updated.
#  Successfully updated.
# variable set hash-table stats:
# Load=0/32=0%, Rehash=0, Collisions=0/0=0%

# files hash-table stats:
# Load=51/1024=5%, Rehash=0, Collisions=4/130=3%
# VPATH Search Paths

# No `vpath' search paths.

# No general (`VPATH' variable) search path.

# # of strings in strcache: 1
# # of strcache buffers: 1
# strcache size: total = 4096 / max = 4096 / min = 4096 / avg = 4096
# strcache free: total = 4087 / max = 4087 / min = 4087 / avg = 4087

# Finished Make data base on Sat Aug 13 21:20:05 2022

 
