make all --print-data-base --no-builtin-variables --no-builtin-rules --question
# GNU Make 3.81
# Copyright (C) 2006  Free Software Foundation, Inc.
# This is free software; see the source for copying conditions.
# There is NO warranty; not even for MERCHANTABILITY or FITNESS FOR A
# PARTICULAR PURPOSE.

# This program built for i386-apple-darwin11.3.0
 

# Make data base, printed on Fri Aug  5 19:40:04 2022

# Variables

# automatic
<D = $(patsubst %/,%,$(dir $<))
# automatic
?F = $(notdir $?)
# environment
VSCODE_LOG_NATIVE = false
# automatic
?D = $(patsubst %/,%,$(dir $?))
# automatic
@D = $(patsubst %/,%,$(dir $@))
# automatic
@F = $(notdir $@)
# makefile
CURDIR := /Users/adaifi/Desktop/minishell
# makefile
SHELL = /bin/sh
# environment
VSCODE_NLS_CONFIG = {"locale":"en-us","availableLanguages":{},"_languagePackSupport":true}
# environment
_ = /usr/bin/make
# makefile (from `Makefile', line 5)
CFLAGS = -g -Wall -Wextra -Werror -fsanitize=address
# makefile (from `Makefile', line 1)
MAKEFILE_LIST :=  Makefile
# environment
VSCODE_VERBOSE_LOGGING = true
# makefile (from `Makefile', line 8)
OBJS := objs/main.o objs/parse.o objs/path.o objs/utils.o objs/cd.o objs/echo.o objs/env.o objs/export.o objs/unset.o objs/pwd.o
# environment
VSCODE_IPC_HOOK_EXTHOST = /var/folders/zz/zyxvpxvq6csfxvn_n000cc8w003327/T/vscode-ipc-e574880d-16bc-44b9-a273-f6a3343d1edd.sock
# environment
VSCODE_CWD = /
# environment
PATH = /Users/adaifi/goinfre/homebrew/bin:/Users/adaifi/goinfre/.brew/bin:/usr/local/bin:/usr/bin:/bin:/usr/sbin:/sbin:/usr/local/munki:/Users/adaifi/goinfre/.brew/bin
# environment
LSCOLORS = Gxfxcxdxbxegedabagacad
# environment
VSCODE_LOG_STACK = false
# environment
ELECTRON_RUN_AS_NODE = 1
# makefile (from `Makefile', line 7)
LIB = libft/libft.a
# default
.FEATURES := target-specific order-only second-expansion else-if archives jobserver check-symlink
# environment
SSH_AUTH_SOCK = /private/tmp/com.apple.launchd.4jhh8cGFxv/Listeners
# makefile (from `Makefile', line 2)
SRCDIR = mand
# automatic
%F = $(notdir $%)
# environment
VSCODE_PIPE_LOGGING = true
# environment
PWD = /Users/adaifi/Desktop/minishell
# environment
ORIGINAL_XDG_CURRENT_DESKTOP = undefined
# environment
VSCODE_AMD_ENTRYPOINT = vs/workbench/api/node/extensionHostProcess
# environment
HOME = /Users/adaifi
# default
MAKEFILEPATH = $(shell /usr/bin/xcode-select -print-path 2>/dev/null || echo /Developer)/Makefiles
# environment
VSCODE_CODE_CACHE_PATH = /Users/adaifi/Library/Application Support/Code/CachedData/57fd6d0195bb9b9d1b49f6da5db789060795de47
# environment
LOGNAME = adaifi
# environment
APPLICATION_INSIGHTS_NO_DIAGNOSTIC_CHANNEL = 1
# environment
ZSH = /Users/adaifi/.oh-my-zsh
# environment
VSCODE_HANDLES_UNCAUGHT_ERRORS = true
# automatic
^D = $(patsubst %/,%,$(dir $^))
# environment
XPC_FLAGS = 0x0
# default
MAKE = $(MAKE_COMMAND)
# default
MAKECMDGOALS := all
# makefile (from `Makefile', line 1)
SRCS = main.c parse.c path.c utils.c cd.c echo.c env.c export.c unset.c pwd.c
# environment
SHLVL = 1
# makefile (from `Makefile', line 4)
CC = clang
# default
MAKE_VERSION := 3.81
# environment
USER = adaifi
# makefile
.DEFAULT_GOAL := all
# makefile (from `Makefile', line 6)
NAME = mini
# environment
LESS = -R
# automatic
%D = $(patsubst %/,%,$(dir $%))
# default
MAKE_COMMAND := /Library/Developer/CommandLineTools/usr/bin/make
# makefile (from `Makefile', line 9)
INC = minishell.h
# default
.VARIABLES := 
# environment
TMPDIR = /var/folders/zz/zyxvpxvq6csfxvn_n000cc8w003327/T/
# automatic
*F = $(notdir $*)
# environment
VSCODE_IPC_HOOK = /Users/adaifi/Library/Application Support/Code/1.67.0-main.sock
# makefile
MAKEFLAGS = Rrqp
# environment
MFLAGS = -Rrqp
# automatic
*D = $(patsubst %/,%,$(dir $*))
# environment
XPC_SERVICE_NAME = com.microsoft.VSCode.2120
# makefile (from `Makefile', line 3)
OBJS_DIR = objs
# automatic
+D = $(patsubst %/,%,$(dir $+))
# automatic
+F = $(notdir $+)
# environment
__CF_USER_TEXT_ENCODING = 0x18C47:0x0:0x0
# default
MAKEFILES := 
# environment
HOMEBREW_NO_AUTO_UPDATE = 1
# automatic
<F = $(notdir $<)
# environment
PAGER = less
# environment
LC_ALL = C
# automatic
^F = $(notdir $^)
# default
SUFFIXES := 
# default
.INCLUDE_DIRS = /usr/local/include
# environment
MAKELEVEL := 0
# environment
LANG = C
# environment
VSCODE_PID = 1333
# variable set hash-table stats:
# Load=74/1024=7%, Rehash=0, Collisions=4/112=4%

# Pattern-specific Variable Values

# No pattern-specific variable values.

# Directories

# . (device 16777225, inode 647116): 11 files, no impossibilities.

# 11 files, no impossibilities in 1 directories.

# Implicit Rules

# No implicit rules.

# Files

objs/main.o: mand/main.c minishell.h | objs
#  Implicit rule search has not been done.
#  Implicit/static pattern stem: `main'
#  Last modified 2022-08-05 15:11:45
#  File has been updated.
#  Successfully updated.
# variable set hash-table stats:
# Load=0/32=0%, Rehash=0, Collisions=0/0=0%
#  commands to execute (from `Makefile', line 17):
	$(CC) -c -I $(shell brew --prefix readline)/include $< -o $@
	

# Not a target:
mand/main.c:
#  Implicit rule search has been done.
#  Last modified 2022-08-05 15:10:20
#  File has been updated.
#  Successfully updated.
# variable set hash-table stats:
# Load=0/32=0%, Rehash=0, Collisions=0/0=0%

all: mini
#  Phony target (prerequisite of .PHONY).
#  Command-line target.
#  Implicit rule search has not been done.
#  File does not exist.
#  File has been updated.
#  Successfully updated.
# variable set hash-table stats:
# Load=0/32=0%, Rehash=0, Collisions=0/0=0%

.PHONY: clean re fclean all
#  Implicit rule search has not been done.
#  Modification time never checked.
#  File has not been updated.

objs/path.o: mand/path.c minishell.h | objs
#  Implicit rule search has not been done.
#  Implicit/static pattern stem: `path'
#  Last modified 2022-08-05 15:11:45
#  File has been updated.
#  Successfully updated.
# variable set hash-table stats:
# Load=0/32=0%, Rehash=0, Collisions=0/0=0%
#  commands to execute (from `Makefile', line 17):
	$(CC) -c -I $(shell brew --prefix readline)/include $< -o $@
	

# Not a target:
mand/path.c:
#  Implicit rule search has been done.
#  Last modified 2022-08-03 17:06:18
#  File has been updated.
#  Successfully updated.
# variable set hash-table stats:
# Load=0/32=0%, Rehash=0, Collisions=0/0=0%

# Not a target:
.SUFFIXES:
#  Implicit rule search has not been done.
#  Modification time never checked.
#  File has not been updated.

objs/pwd.o: mand/pwd.c minishell.h | objs
#  Implicit rule search has not been done.
#  Implicit/static pattern stem: `pwd'
#  Last modified 2022-08-05 15:11:45
#  File has been updated.
#  Successfully updated.
# variable set hash-table stats:
# Load=0/32=0%, Rehash=0, Collisions=0/0=0%
#  commands to execute (from `Makefile', line 17):
	$(CC) -c -I $(shell brew --prefix readline)/include $< -o $@
	

# Not a target:
Makefile:
#  Implicit rule search has been done.
#  Last modified 2022-08-03 17:07:55
#  File has been updated.
#  Successfully updated.
# variable set hash-table stats:
# Load=0/32=0%, Rehash=0, Collisions=0/0=0%

objs/cd.o: mand/cd.c minishell.h | objs
#  Implicit rule search has not been done.
#  Implicit/static pattern stem: `cd'
#  Last modified 2022-08-05 15:11:45
#  File has been updated.
#  Successfully updated.
# variable set hash-table stats:
# Load=0/32=0%, Rehash=0, Collisions=0/0=0%
#  commands to execute (from `Makefile', line 17):
	$(CC) -c -I $(shell brew --prefix readline)/include $< -o $@
	

# Not a target:
mand/pwd.c:
#  Implicit rule search has been done.
#  Last modified 2022-08-05 14:53:37
#  File has been updated.
#  Successfully updated.
# variable set hash-table stats:
# Load=0/32=0%, Rehash=0, Collisions=0/0=0%

# Not a target:
mand/cd.c:
#  Implicit rule search has been done.
#  Last modified 2022-08-05 15:07:39
#  File has been updated.
#  Successfully updated.
# variable set hash-table stats:
# Load=0/32=0%, Rehash=0, Collisions=0/0=0%

objs:
#  Implicit rule search has not been done.
#  Last modified 2022-08-05 15:11:45
#  File has been updated.
#  Successfully updated.
#  commands to execute (from `Makefile', line 14):
	@mkdir $@
	

objs/echo.o: mand/echo.c minishell.h | objs
#  Implicit rule search has not been done.
#  Implicit/static pattern stem: `echo'
#  Last modified 2022-08-05 15:11:45
#  File has been updated.
#  Successfully updated.
# variable set hash-table stats:
# Load=0/32=0%, Rehash=0, Collisions=0/0=0%
#  commands to execute (from `Makefile', line 17):
 
	$(CC) -c -I $(shell brew --prefix readline)/include $< -o $@
	

# Not a target:
mand/echo.c:
#  Implicit rule search has been done.
#  Last modified 2022-08-04 16:33:39
#  File has been updated.
#  Successfully updated.
# variable set hash-table stats:
# Load=0/32=0%, Rehash=0, Collisions=0/0=0%

objs/export.o: mand/export.c minishell.h | objs
#  Implicit rule search has not been done.
#  Implicit/static pattern stem: `export'
#  Last modified 2022-08-05 15:11:45
#  File has been updated.
#  Successfully updated.
# variable set hash-table stats:
# Load=0/32=0%, Rehash=0, Collisions=0/0=0%
#  commands to execute (from `Makefile', line 17):
	$(CC) -c -I $(shell brew --prefix readline)/include $< -o $@
	

# Not a target:
mand/export.c:
#  Implicit rule search has been done.
#  Last modified 2022-08-05 14:08:21
#  File has been updated.
#  Successfully updated.
# variable set hash-table stats:
# Load=0/32=0%, Rehash=0, Collisions=0/0=0%

libft/libft.a:
#  Implicit rule search has not been done.
#  Last modified 2022-08-05 14:08:07
#  File has been updated.
#  Successfully updated.
#  commands to execute (from `Makefile', line 23):
	make bonus -C libft
	

fclean: clean
#  Phony target (prerequisite of .PHONY).
#  Implicit rule search has not been done.
#  File does not exist.
#  File has not been updated.
#  commands to execute (from `Makefile', line 30):
	@rm -rf  $(NAME)
	make fclean -C libft
	

objs/parse.o: mand/parse.c minishell.h | objs
#  Implicit rule search has not been done.
#  Implicit/static pattern stem: `parse'
#  Last modified 2022-08-05 15:11:45
#  File has been updated.
#  Successfully updated.
# variable set hash-table stats:
# Load=0/32=0%, Rehash=0, Collisions=0/0=0%
#  commands to execute (from `Makefile', line 17):
	$(CC) -c -I $(shell brew --prefix readline)/include $< -o $@
	

objs/utils.o: mand/utils.c minishell.h | objs
#  Implicit rule search has not been done.
#  Implicit/static pattern stem: `utils'
#  Last modified 2022-08-05 15:11:45
#  File has been updated.
#  Successfully updated.
# variable set hash-table stats:
# Load=0/32=0%, Rehash=0, Collisions=0/0=0%
#  commands to execute (from `Makefile', line 17):
	$(CC) -c -I $(shell brew --prefix readline)/include $< -o $@
	

# Not a target:
mand/parse.c:
#  Implicit rule search has been done.
#  Last modified 2022-07-25 16:07:43
#  File has been updated.
#  Successfully updated.
# variable set hash-table stats:
# Load=0/32=0%, Rehash=0, Collisions=0/0=0%

# Not a target:
mand/utils.c:
#  Implicit rule search has been done.
#  Last modified 2022-08-03 17:03:41
#  File has been updated.
#  Successfully updated.
# variable set hash-table stats:
# Load=0/32=0%, Rehash=0, Collisions=0/0=0%

# Not a target:
.DEFAULT:
#  Implicit rule search has not been done.
#  Modification time never checked.
#  File has not been updated.

mini: libft/libft.a objs/main.o objs/parse.o objs/path.o objs/utils.o objs/cd.o objs/echo.o objs/env.o objs/export.o objs/unset.o objs/pwd.o
#  Implicit rule search has not been done.
#  Last modified 2022-08-05 15:11:46
#  File has been updated.
#  Successfully updated.
# variable set hash-table stats:
# Load=0/32=0%, Rehash=0, Collisions=0/0=0%
#  commands to execute (from `Makefile', line 20):
	$(CC) $(CFLAGS) $^ -L $(shell brew --prefix readline)/lib -lreadline -o $(NAME) $(LIB)
	

re: fclean all
#  Phony target (prerequisite of .PHONY).
#  Implicit rule search has not been done.
#  File does not exist.
#  File has not been updated.

clean:
#  Phony target (prerequisite of .PHONY).
#  Implicit rule search has not been done.
#  File does not exist.
#  File has not been updated.
#  commands to execute (from `Makefile', line 26):
	@rm -rf $(OBJS_DIR)
	make clean -C libft
	

objs/env.o: mand/env.c minishell.h | objs
#  Implicit rule search has not been done.
#  Implicit/static pattern stem: `env'
#  Last modified 2022-08-05 15:11:45
#  File has been updated.
#  Successfully updated.
# variable set hash-table stats:
# Load=0/32=0%, Rehash=0, Collisions=0/0=0%
#  commands to execute (from `Makefile', line 17):
	$(CC) -c -I $(shell brew --prefix readline)/include $< -o $@
	

# Not a target:
mand/env.c:
#  Implicit rule search has been done.
#  Last modified 2022-08-05 15:11:24
#  File has been updated.
#  Successfully updated.
# variable set hash-table stats:
# Load=0/32=0%, Rehash=0, Collisions=0/0=0%

objs/unset.o: mand/unset.c minishell.h | objs
#  Implicit rule search has not been done.
#  Implicit/static pattern stem: `unset'
#  Last modified 2022-08-05 15:11:45
#  File has been updated.
#  Successfully updated.
# variable set hash-table stats:
# Load=0/32=0%, Rehash=0, Collisions=0/0=0%
#  commands to execute (from `Makefile', line 17):
	$(CC) -c -I $(shell brew --prefix readline)/include $< -o $@
	

# Not a target:
mand/unset.c:
#  Implicit rule search has been done.
#  Last modified 2022-08-05 14:41:19
#  File has been updated.
#  Successfully updated.
# variable set hash-table stats:
# Load=0/32=0%, Rehash=0, Collisions=0/0=0%

# Not a target:
minishell.h:
#  Implicit rule search has been done.
#  Last modified 2022-08-05 15:11:43
#  File has been updated.
#  Successfully updated.
# variable set hash-table stats:
# Load=0/32=0%, Rehash=0, Collisions=0/0=0%

# files hash-table stats:
# Load=32/1024=3%, Rehash=0, Collisions=1/94=1%
# VPATH Search Paths

# No `vpath' search paths.

# No general (`VPATH' variable) search path.

# # of strings in strcache: 1
# # of strcache buffers: 1
# strcache size: total = 4096 / max = 4096 / min = 4096 / avg = 4096
# strcache free: total = 4087 / max = 4087 / min = 4087 / avg = 4087

# Finished Make data base on Fri Aug  5 19:40:04 2022

 
